Using pre-set license
Built from '2020.2/staging' branch; Version is '2020.2.3f1 (8ff31bc5bf5b) revision 9433883'; Using compiler version '192528614'; Build Type 'Release'
OS: 'Windows 10 Pro; OS build 19043.1706; Version 2009; 64bit' Language: 'tr' Physical Memory: 7437 MB
BatchMode: 1, IsHumanControllingUs: 0, StartBugReporterOnCrash: 0, Is64bit: 1, IsPro: 0

 COMMAND LINE ARGUMENTS:
D:\Apps\Unity\Hub\Editor\2020.2.3f1\Editor\Unity.exe
-adb2
-batchMode
-noUpm
-name
AssetImportWorker0
-projectPath
D:/Kaan/personal/unity/TipsAreInTheDetails
-logFile
Logs/AssetImportWorker0.log
-srvPort
52694
Successfully changed project path to: D:/Kaan/personal/unity/TipsAreInTheDetails
D:/Kaan/personal/unity/TipsAreInTheDetails
Using Asset Import Pipeline V2.
Refreshing native plugins compatible for Editor in 90.71 ms, found 1 plugins.
Preloading 0 native plugins for Editor in 0.00 ms.
Initialize engine version: 2020.2.3f1 (8ff31bc5bf5b)
[Subsystems] Discovering subsystems at path D:/Apps/Unity/Hub/Editor/2020.2.3f1/Editor/Data/Resources/UnitySubsystems
[Subsystems] Discovering subsystems at path D:/Kaan/personal/unity/TipsAreInTheDetails/Assets
GfxDevice: creating device client; threaded=0
Direct3D:
    Version:  Direct3D 11.0 [level 11.1]
    Renderer: Radeon (TM) 530 (ID=0x6900)
    Vendor:   
    VRAM:     2038 MB
    Driver:   27.20.21003.1028
Initialize mono
Mono path[0] = 'D:/Apps/Unity/Hub/Editor/2020.2.3f1/Editor/Data/Managed'
Mono path[1] = 'D:/Apps/Unity/Hub/Editor/2020.2.3f1/Editor/Data/MonoBleedingEdge/lib/mono/unityjit'
Mono config path = 'D:/Apps/Unity/Hub/Editor/2020.2.3f1/Editor/Data/MonoBleedingEdge/etc'
Using monoOptions --debugger-agent=transport=dt_socket,embedding=1,server=y,suspend=n,address=127.0.0.1:56200
Begin MonoManager ReloadAssembly
Registering precompiled unity dll's ...
Register platform support module: D:/Apps/Unity/Hub/Editor/2020.2.3f1/Editor/Data/PlaybackEngines/WebGLSupport/UnityEditor.WebGL.Extensions.dll
Register platform support module: D:/Apps/Unity/Hub/Editor/2020.2.3f1/Editor/Data/PlaybackEngines/MacStandaloneSupport/UnityEditor.OSXStandalone.Extensions.dll
Register platform support module: D:/Apps/Unity/Hub/Editor/2020.2.3f1/Editor/Data/PlaybackEngines/WindowsStandaloneSupport/UnityEditor.WindowsStandalone.Extensions.dll
Registered in 0.002376 seconds.
Native extension for WindowsStandalone target not found
Native extension for OSXStandalone target not found
Native extension for WebGL target not found
Refreshing native plugins compatible for Editor in 67.35 ms, found 1 plugins.
Preloading 0 native plugins for Editor in 0.00 ms.
Invoked RoslynAnalysisRunner static constructor.
RoslynAnalysisRunner will not be running.
RoslynAnalysisRunner has terminated.
Mono: successfully reloaded assembly
- Completed reload, in  4.379 seconds
Platform modules already initialized, skipping
Registering precompiled user dll's ...
Registered in 0.001441 seconds.
Begin MonoManager ReloadAssembly
Native extension for WindowsStandalone target not found
Native extension for OSXStandalone target not found
Native extension for WebGL target not found
Refreshing native plugins compatible for Editor in 67.72 ms, found 1 plugins.
Preloading 0 native plugins for Editor in 0.00 ms.
Invoked RoslynAnalysisRunner static constructor.
RoslynAnalysisRunner will not be running.
RoslynAnalysisRunner has terminated.
Mono: successfully reloaded assembly
- Completed reload, in  1.212 seconds
Platform modules already initialized, skipping
========================================================================
Worker process is ready to serve import requests
Launched and connected shader compiler UnityShaderCompiler.exe after 0.35 seconds
Refreshing native plugins compatible for Editor in 0.78 ms, found 1 plugins.
Preloading 0 native plugins for Editor in 0.00 ms.
Unloading 1996 Unused Serialized files (Serialized files now loaded: 0)
System memory in use before: 93.9 MB.
System memory in use after: 93.9 MB.

Unloading 25 unused Assets to reduce memory usage. Loaded Objects now: 2439.
Total: 2.972800 ms (FindLiveObjects: 0.494600 ms CreateObjectMapping: 0.233600 ms MarkObjects: 2.111600 ms  DeleteObjects: 0.131700 ms)

========================================================================
Received Import Request.
  path: Assets/Art/Assets/Dark_Brown_GUI_kit/frame/big/big_frame.png
  artifactKey: Guid(fd49cf9d1578d484d9c85875826ba4cc) Importer(815301076,1909f56bfc062723c751e8b465ee728b)
Start importing Assets/Art/Assets/Dark_Brown_GUI_kit/frame/big/big_frame.png using Guid(fd49cf9d1578d484d9c85875826ba4cc) Importer(815301076,1909f56bfc062723c751e8b465ee728b)  -> (artifact id: 'a6ce377adc5de5bbca94fa08acf075db') in 0.336000 seconds
  Import took 0.387489 seconds .

========================================================================
Received Import Request.
  Time since last request: 0.002297 seconds.
  path: Assets/Art/Assets/Dark_Brown_GUI_kit/frame/mid/mid_frame.png
  artifactKey: Guid(84988dd5213b4f74883c8e666a70cc2a) Importer(815301076,1909f56bfc062723c751e8b465ee728b)
Start importing Assets/Art/Assets/Dark_Brown_GUI_kit/frame/mid/mid_frame.png using Guid(84988dd5213b4f74883c8e666a70cc2a) Importer(815301076,1909f56bfc062723c751e8b465ee728b)  -> (artifact id: '1ee66df547cfa5abcbbcb161f18949bb') in 0.027765 seconds
  Import took 0.046144 seconds .

========================================================================
Received Import Request.
  Time since last request: 0.000337 seconds.
  path: Assets/Art/Assets/Dark_Brown_GUI_kit/frame/mid/mid_frameA.png
  artifactKey: Guid(77a8fd08d4767044991261e926cac755) Importer(815301076,1909f56bfc062723c751e8b465ee728b)
Start importing Assets/Art/Assets/Dark_Brown_GUI_kit/frame/mid/mid_frameA.png using Guid(77a8fd08d4767044991261e926cac755) Importer(815301076,1909f56bfc062723c751e8b465ee728b)  -> (artifact id: '7f880cff0adc39bde4b74542447485a9') in 0.033604 seconds
  Import took 0.064968 seconds .

========================================================================
Received Import Request.
  Time since last request: 0.000366 seconds.
  path: Assets/Art/Assets/Dark_Brown_GUI_kit/frame/mini
  artifactKey: Guid(b6f6daa6cee352d498430ddd413aa6dc) Importer(815301076,1909f56bfc062723c751e8b465ee728b)
Start importing Assets/Art/Assets/Dark_Brown_GUI_kit/frame/mini using Guid(b6f6daa6cee352d498430ddd413aa6dc) Importer(815301076,1909f56bfc062723c751e8b465ee728b)  -> (artifact id: 'af581f03c62424b0d68a22fd3cab5731') in 0.006566 seconds
  Import took 0.045554 seconds .

========================================================================
Received Import Request.
  Time since last request: 9.608810 seconds.
  path: Assets/Art/Assets/Dark_Brown_GUI_kit/frame/small/small_frame.png
  artifactKey: Guid(688a2a25ef766644697ec94e1640a752) Importer(815301076,1909f56bfc062723c751e8b465ee728b)
Start importing Assets/Art/Assets/Dark_Brown_GUI_kit/frame/small/small_frame.png using Guid(688a2a25ef766644697ec94e1640a752) Importer(815301076,1909f56bfc062723c751e8b465ee728b)  -> (artifact id: '325ce88b5e2e519db7da1f59f9de9491') in 0.015258 seconds
  Import took 0.593856 seconds .

========================================================================
Received Import Request.
  Time since last request: 3.206992 seconds.
  path: Assets/Art/Assets/Dark_Brown_GUI_kit/icon/full_simple/numbers/3.png
  artifactKey: Guid(eed1ebcab0d6c3743950949d537f1f5b) Importer(815301076,1909f56bfc062723c751e8b465ee728b)
Start importing Assets/Art/Assets/Dark_Brown_GUI_kit/icon/full_simple/numbers/3.png using Guid(eed1ebcab0d6c3743950949d537f1f5b) Importer(815301076,1909f56bfc062723c751e8b465ee728b)  -> (artifact id: '81f5cbde73e05b88c4fb72ff6b265132') in 0.486512 seconds
  Import took 0.688671 seconds .

========================================================================
Received Import Request.
  Time since last request: 0.547554 seconds.
  path: Assets/Art/Assets/Dark_Brown_GUI_kit/icon/full_simple/numbers/1.png
  artifactKey: Guid(af88e637281e9a548aa31d1cb76a0486) Importer(815301076,1909f56bfc062723c751e8b465ee728b)
Start importing Assets/Art/Assets/Dark_Brown_GUI_kit/icon/full_simple/numbers/1.png using Guid(af88e637281e9a548aa31d1cb76a0486) Importer(815301076,1909f56bfc062723c751e8b465ee728b)  -> (artifact id: '031d49e7815f71b8c68e1df0435553a5') in 0.460606 seconds
  Import took 0.477710 seconds .

========================================================================
Received Import Request.
  Time since last request: 9.424974 seconds.
  path: Assets/Art/Assets/RF Castle/decorative.png
  artifactKey: Guid(029030ab7555c8c4e95178103a2328f6) Importer(815301076,1909f56bfc062723c751e8b465ee728b)
Start importing Assets/Art/Assets/RF Castle/decorative.png using Guid(029030ab7555c8c4e95178103a2328f6) Importer(815301076,1909f56bfc062723c751e8b465ee728b)  -> (artifact id: '6bd85c01131bee74b7631ef8d373e419') in 0.135841 seconds
  Import took 0.432593 seconds .

========================================================================
Received Import Request.
  Time since last request: 1.950857 seconds.
  path: Assets/Art/Assets/image.jpg
  artifactKey: Guid(be5d244a67bb2df43a6f6758c99d1939) Importer(815301076,1909f56bfc062723c751e8b465ee728b)
Start importing Assets/Art/Assets/image.jpg using Guid(be5d244a67bb2df43a6f6758c99d1939) Importer(815301076,1909f56bfc062723c751e8b465ee728b)  -> (artifact id: 'ce59027a26d038746bbd1a7eb1ae0646') in 0.053748 seconds
  Import took 0.096113 seconds .

========================================================================
Received Import Request.
  Time since last request: 0.072619 seconds.
  path: Assets/Art/Assets/image.jpg
  artifactKey: Guid(be5d244a67bb2df43a6f6758c99d1939) Importer(815301076,1909f56bfc062723c751e8b465ee728b)
Start importing Assets/Art/Assets/image.jpg using Guid(be5d244a67bb2df43a6f6758c99d1939) Importer(815301076,1909f56bfc062723c751e8b465ee728b)  -> (artifact id: 'ce59027a26d038746bbd1a7eb1ae0646') in 0.028646 seconds
  Import took 0.033700 seconds .

